2013-02-19 10:17:39,864 INFO org.apache.hadoop.hdfs.server.namenode.NameNode: STARTUP_MSG: 
/************************************************************
STARTUP_MSG: Starting NameNode
STARTUP_MSG:   host = sandbox-MacBook-Pro.local/10.0.1.32
STARTUP_MSG:   args = []
STARTUP_MSG:   version = 1.0.4
STARTUP_MSG:   build = https://svn.apache.org/repos/asf/hadoop/common/branches/branch-1.0 -r 1393290; compiled by 'hortonfo' on Wed Oct  3 05:13:58 UTC 2012
************************************************************/
2013-02-19 10:17:46,598 INFO org.apache.hadoop.metrics2.impl.MetricsConfig: loaded properties from hadoop-metrics2.properties
2013-02-19 10:17:47,445 INFO org.apache.hadoop.metrics2.impl.MetricsSourceAdapter: MBean for source MetricsSystem,sub=Stats registered.
2013-02-19 10:17:47,447 INFO org.apache.hadoop.metrics2.impl.MetricsSystemImpl: Scheduled snapshot period at 10 second(s).
2013-02-19 10:17:47,448 INFO org.apache.hadoop.metrics2.impl.MetricsSystemImpl: NameNode metrics system started
2013-02-19 10:17:49,181 ERROR org.apache.hadoop.hdfs.server.namenode.NameNode: java.lang.IllegalArgumentException: Does not contain a valid host:port authority: file:///
	at org.apache.hadoop.net.NetUtils.createSocketAddr(NetUtils.java:162)
	at org.apache.hadoop.hdfs.server.namenode.NameNode.getAddress(NameNode.java:198)
	at org.apache.hadoop.hdfs.server.namenode.NameNode.getAddress(NameNode.java:228)
	at org.apache.hadoop.hdfs.server.namenode.NameNode.initialize(NameNode.java:262)
	at org.apache.hadoop.hdfs.server.namenode.NameNode.<init>(NameNode.java:496)
	at org.apache.hadoop.hdfs.server.namenode.NameNode.createNameNode(NameNode.java:1279)
	at org.apache.hadoop.hdfs.server.namenode.NameNode.main(NameNode.java:1288)

2013-02-19 10:17:49,261 INFO org.apache.hadoop.hdfs.server.namenode.NameNode: SHUTDOWN_MSG: 
/************************************************************
SHUTDOWN_MSG: Shutting down NameNode at sandbox-MacBook-Pro.local/10.0.1.32
************************************************************/
2013-02-19 10:31:28,165 INFO org.apache.hadoop.hdfs.server.namenode.NameNode: STARTUP_MSG: 
/************************************************************
STARTUP_MSG: Starting NameNode
STARTUP_MSG:   host = sandbox-MacBook-Pro.local/10.0.1.32
STARTUP_MSG:   args = []
STARTUP_MSG:   version = 1.0.4
STARTUP_MSG:   build = https://svn.apache.org/repos/asf/hadoop/common/branches/branch-1.0 -r 1393290; compiled by 'hortonfo' on Wed Oct  3 05:13:58 UTC 2012
************************************************************/
2013-02-19 10:31:30,855 INFO org.apache.hadoop.metrics2.impl.MetricsConfig: loaded properties from hadoop-metrics2.properties
2013-02-19 10:31:32,284 INFO org.apache.hadoop.metrics2.impl.MetricsSourceAdapter: MBean for source MetricsSystem,sub=Stats registered.
2013-02-19 10:31:32,373 INFO org.apache.hadoop.metrics2.impl.MetricsSystemImpl: Scheduled snapshot period at 10 second(s).
2013-02-19 10:31:32,374 INFO org.apache.hadoop.metrics2.impl.MetricsSystemImpl: NameNode metrics system started
2013-02-19 10:31:35,811 ERROR org.apache.hadoop.hdfs.server.namenode.NameNode: java.lang.IllegalArgumentException: Does not contain a valid host:port authority: file:///
	at org.apache.hadoop.net.NetUtils.createSocketAddr(NetUtils.java:162)
	at org.apache.hadoop.hdfs.server.namenode.NameNode.getAddress(NameNode.java:198)
	at org.apache.hadoop.hdfs.server.namenode.NameNode.getAddress(NameNode.java:228)
	at org.apache.hadoop.hdfs.server.namenode.NameNode.initialize(NameNode.java:262)
	at org.apache.hadoop.hdfs.server.namenode.NameNode.<init>(NameNode.java:496)
	at org.apache.hadoop.hdfs.server.namenode.NameNode.createNameNode(NameNode.java:1279)
	at org.apache.hadoop.hdfs.server.namenode.NameNode.main(NameNode.java:1288)

2013-02-19 10:31:36,323 INFO org.apache.hadoop.hdfs.server.namenode.NameNode: SHUTDOWN_MSG: 
/************************************************************
SHUTDOWN_MSG: Shutting down NameNode at sandbox-MacBook-Pro.local/10.0.1.32
************************************************************/
