2013-02-19 10:17:40,098 INFO org.apache.hadoop.hdfs.server.datanode.DataNode: STARTUP_MSG: 
/************************************************************
STARTUP_MSG: Starting DataNode
STARTUP_MSG:   host = sandbox-MacBook-Pro.local/10.0.1.32
STARTUP_MSG:   args = []
STARTUP_MSG:   version = 1.0.4
STARTUP_MSG:   build = https://svn.apache.org/repos/asf/hadoop/common/branches/branch-1.0 -r 1393290; compiled by 'hortonfo' on Wed Oct  3 05:13:58 UTC 2012
************************************************************/
2013-02-19 10:17:46,581 INFO org.apache.hadoop.metrics2.impl.MetricsConfig: loaded properties from hadoop-metrics2.properties
2013-02-19 10:17:47,300 INFO org.apache.hadoop.metrics2.impl.MetricsSourceAdapter: MBean for source MetricsSystem,sub=Stats registered.
2013-02-19 10:17:47,596 INFO org.apache.hadoop.metrics2.impl.MetricsSystemImpl: Scheduled snapshot period at 10 second(s).
2013-02-19 10:17:47,618 INFO org.apache.hadoop.metrics2.impl.MetricsSystemImpl: DataNode metrics system started
2013-02-19 10:17:49,305 INFO org.apache.hadoop.metrics2.impl.MetricsSourceAdapter: MBean for source ugi registered.
2013-02-19 10:17:49,629 WARN org.apache.hadoop.metrics2.impl.MetricsSystemImpl: Source name ugi already exists!
2013-02-19 10:17:51,479 WARN org.apache.hadoop.util.NativeCodeLoader: Unable to load native-hadoop library for your platform... using builtin-java classes where applicable
2013-02-19 10:17:52,652 ERROR org.apache.hadoop.hdfs.server.datanode.DataNode: java.lang.IllegalArgumentException: Does not contain a valid host:port authority: file:///
	at org.apache.hadoop.net.NetUtils.createSocketAddr(NetUtils.java:162)
	at org.apache.hadoop.hdfs.server.namenode.NameNode.getAddress(NameNode.java:198)
	at org.apache.hadoop.hdfs.server.namenode.NameNode.getAddress(NameNode.java:228)
	at org.apache.hadoop.hdfs.server.namenode.NameNode.getServiceAddress(NameNode.java:222)
	at org.apache.hadoop.hdfs.server.datanode.DataNode.startDataNode(DataNode.java:337)
	at org.apache.hadoop.hdfs.server.datanode.DataNode.<init>(DataNode.java:299)
	at org.apache.hadoop.hdfs.server.datanode.DataNode.makeInstance(DataNode.java:1582)
	at org.apache.hadoop.hdfs.server.datanode.DataNode.instantiateDataNode(DataNode.java:1521)
	at org.apache.hadoop.hdfs.server.datanode.DataNode.createDataNode(DataNode.java:1539)
	at org.apache.hadoop.hdfs.server.datanode.DataNode.secureMain(DataNode.java:1665)
	at org.apache.hadoop.hdfs.server.datanode.DataNode.main(DataNode.java:1682)

2013-02-19 10:17:52,654 INFO org.apache.hadoop.hdfs.server.datanode.DataNode: SHUTDOWN_MSG: 
/************************************************************
SHUTDOWN_MSG: Shutting down DataNode at sandbox-MacBook-Pro.local/10.0.1.32
************************************************************/
2013-02-19 10:31:30,247 INFO org.apache.hadoop.hdfs.server.datanode.DataNode: STARTUP_MSG: 
/************************************************************
STARTUP_MSG: Starting DataNode
STARTUP_MSG:   host = sandbox-MacBook-Pro.local/10.0.1.32
STARTUP_MSG:   args = []
STARTUP_MSG:   version = 1.0.4
STARTUP_MSG:   build = https://svn.apache.org/repos/asf/hadoop/common/branches/branch-1.0 -r 1393290; compiled by 'hortonfo' on Wed Oct  3 05:13:58 UTC 2012
************************************************************/
2013-02-19 10:31:36,973 INFO org.apache.hadoop.metrics2.impl.MetricsConfig: loaded properties from hadoop-metrics2.properties
2013-02-19 10:31:37,273 INFO org.apache.hadoop.metrics2.impl.MetricsSourceAdapter: MBean for source MetricsSystem,sub=Stats registered.
2013-02-19 10:31:37,276 INFO org.apache.hadoop.metrics2.impl.MetricsSystemImpl: Scheduled snapshot period at 10 second(s).
2013-02-19 10:31:37,276 INFO org.apache.hadoop.metrics2.impl.MetricsSystemImpl: DataNode metrics system started
2013-02-19 10:31:38,057 INFO org.apache.hadoop.metrics2.impl.MetricsSourceAdapter: MBean for source ugi registered.
2013-02-19 10:31:38,062 WARN org.apache.hadoop.metrics2.impl.MetricsSystemImpl: Source name ugi already exists!
2013-02-19 10:31:40,547 ERROR org.apache.hadoop.hdfs.server.datanode.DataNode: java.lang.IllegalArgumentException: Does not contain a valid host:port authority: file:///
	at org.apache.hadoop.net.NetUtils.createSocketAddr(NetUtils.java:162)
	at org.apache.hadoop.hdfs.server.namenode.NameNode.getAddress(NameNode.java:198)
	at org.apache.hadoop.hdfs.server.namenode.NameNode.getAddress(NameNode.java:228)
	at org.apache.hadoop.hdfs.server.namenode.NameNode.getServiceAddress(NameNode.java:222)
	at org.apache.hadoop.hdfs.server.datanode.DataNode.startDataNode(DataNode.java:337)
	at org.apache.hadoop.hdfs.server.datanode.DataNode.<init>(DataNode.java:299)
	at org.apache.hadoop.hdfs.server.datanode.DataNode.makeInstance(DataNode.java:1582)
	at org.apache.hadoop.hdfs.server.datanode.DataNode.instantiateDataNode(DataNode.java:1521)
	at org.apache.hadoop.hdfs.server.datanode.DataNode.createDataNode(DataNode.java:1539)
	at org.apache.hadoop.hdfs.server.datanode.DataNode.secureMain(DataNode.java:1665)
	at org.apache.hadoop.hdfs.server.datanode.DataNode.main(DataNode.java:1682)

2013-02-19 10:31:40,551 INFO org.apache.hadoop.hdfs.server.datanode.DataNode: SHUTDOWN_MSG: 
/************************************************************
SHUTDOWN_MSG: Shutting down DataNode at sandbox-MacBook-Pro.local/10.0.1.32
************************************************************/
